#18 [builder 8/8] RUN npx tsc
#18 4.981 server/routes.ts(1891,56): error TS2345: Argument of type 'string | string[] | undefined' is not assignable to parameter of type 'string | string[] | Buffer'.
#18 4.981   Type 'undefined' is not assignable to type 'string | string[] | Buffer'.
#18 4.981 server/routes.ts(1893,63): error TS18046: 'err' is of type 'unknown'.
#18 4.981 server/routes.ts(1894,53): error TS18046: 'err' is of type 'unknown'.
#18 4.981 server/routes.ts(1913,15): error TS2353: Object literal may only specify known properties, and 'type' does not exist in type '{ category: string; userId?: string | null | undefined; amount?: number | null | undefined; subtype?: string | null | undefined; }'.
#18 4.981 server/routes.ts(2012,47): error TS2339: Property 'buttonType' does not exist on type '{}'.
#18 4.981 server/routes.ts(2063,45): error TS2339: Property 'buttonType' does not exist on type '{}'.
#18 4.981 server/routes.ts(2068,9): error TS2353: Object literal may only specify known properties, and 'type' does not exist in type '{ category: string; userId?: string | null | undefined; amount?: number | null | undefined; subtype?: string | null | undefined; }'.
#18 4.981 server/routes.ts(2136,13): error TS2353: Object literal may only specify known properties, and 'type' does not exist in type '{ category: string; userId?: string | null | undefined; amount?: number | null | undefined; subtype?: string | null | undefined; }'.
#18 4.981 server/storage.ts(1472,38): error TS2339: Property 'tzedakaCompleted' does not exist on type '{ id: number; date: string; uniqueUsers: number | null; pageViews: number | null; tehillimCompleted: number | null; namesProcessed: number | null; booksCompleted: number | null; totalActs: number | null; ... 8 more ...; updatedAt: Date | null; }'.
#18 4.981 server/storage.ts(1488,7): error TS2353: Object literal may only specify known properties, and 'totalTzedakaCompleted' does not exist in type '{ totalUsers: number; totalPageViews: number; totalTehillimCompleted: number; totalNamesProcessed: number; totalBooksCompleted: number; totalTzedakaActs: number; totalActs: number; totalModalCompletions: Record<...>; }'.
#18 ERROR: process "/bin/sh -c npx tsc" did not complete successfully: exit code: 2
------
 > [builder 8/8] RUN npx tsc:
4.981   Type 'undefined' is not assignable to type 'string | string[] | Buffer'.
4.981 server/routes.ts(1893,63): error TS18046: 'err' is of type 'unknown'.
4.981 server/routes.ts(1894,53): error TS18046: 'err' is of type 'unknown'.
4.981 server/routes.ts(1913,15): error TS2353: Object literal may only specify known properties, and 'type' does not exist in type '{ category: string; userId?: string | null | undefined; amount?: number | null | undefined; subtype?: string | null | undefined; }'.
4.981 server/routes.ts(2012,47): error TS2339: Property 'buttonType' does not exist on type '{}'.
4.981 server/routes.ts(2063,45): error TS2339: Property 'buttonType' does not exist on type '{}'.
4.981 server/routes.ts(2068,9): error TS2353: Object literal may only specify known properties, and 'type' does not exist in type '{ category: string; userId?: string | null | undefined; amount?: number | null | undefined; subtype?: string | null | undefined; }'.
4.981 server/routes.ts(2136,13): error TS2353: Object literal may only specify known properties, and 'type' does not exist in type '{ category: string; userId?: string | null | undefined; amount?: number | null | undefined; subtype?: string | null | undefined; }'.
4.981 server/storage.ts(1472,38): error TS2339: Property 'tzedakaCompleted' does not exist on type '{ id: number; date: string; uniqueUsers: number | null; pageViews: number | null; tehillimCompleted: number | null; namesProcessed: number | null; booksCompleted: number | null; totalActs: number | null; ... 8 more ...; updatedAt: Date | null; }'.
4.981 server/storage.ts(1488,7): error TS2353: Object literal may only specify known properties, and 'totalTzedakaCompleted' does not exist in type '{ totalUsers: number; totalPageViews: number; totalTehillimCompleted: number; totalNamesProcessed: number; totalBooksCompleted: number; totalTzedakaActs: number; totalActs: number; totalModalCompletions: Record<...>; }'.
------
server.Dockerfile:11
--------------------
   9 |     RUN npm ci
  10 |     
  11 | >>> RUN npx tsc
  12 |     
  13 |     # 2) Runtime image
--------------------
ERROR: failed to build: failed to solve: process "/bin/sh -c npx tsc" did not complete successfully: exit code: 2
Error: Process completed with exit code 1.